<?xml version="1.0" encoding="UTF-8"?>
<!-- Generated by org.testng.reporters.JUnitReportReporter -->
<testsuite skipped="0" hostname="DESKTOP-KRLAL0I" name="com.project.SalesForceCRM.TC_001" tests="1" failures="0" timestamp="25 Mar 2019 03:17:33 GMT" time="14.058" errors="0">
  <testcase name="launch" time="14.058" classname="com.project.SalesForceCRM.TC_001"/>
</testsuite> <!-- com.project.SalesForceCRM.TC_001 -->
